<?xml version="1.0" encoding="UTF-8"?>
<!-- Generated by org.testng.reporters.JUnitReportReporter -->
<testsuite hostname="DESKTOP-S1I3CQC" failures="0" tests="1" name="com.run.Runner" time="11.291" errors="0" timestamp="2024-05-06T12:43:28 IST" skipped="0">
  <testcase classname="com.run.Runner" name="runScenario" time="11.291"/>
</testsuite> <!-- com.run.Runner -->
